2024/03/23 21:39:10.011859 MongoDB'ye başarıyla bağlanıldı.
2024/03/23 21:40:07.696119 No document
2024/03/23 21:41:39.096663 MongoDB'ye başarıyla bağlanıldı.
2024/03/23 21:41:44.944034 No document
2024/03/23 21:41:44.944125 Error fetching todo by ID: ObjectID("65ff21e41ed3c2a532df5941"), Error: mongo: no documents in result
2024/03/23 21:41:44.944125 mongo: no documents in result
2024/03/23 21:44:09.237673 MongoDB'ye başarıyla bağlanıldı.
2024/03/23 21:44:29.356356 No document
2024/03/23 21:44:29.356614 Error fetching todo by ID: ObjectID("65ff21e41ed3c2a532df5941"), Error: mongo: no documents in result
2024/03/23 21:44:29.357226 Error fetching todo by ID: ObjectID("65ff21e41ed3c2a532df5941"), Error: mongo: no documents in result
2024/03/23 21:45:24.028878 MongoDB'ye başarıyla bağlanıldı.
2024/03/23 21:46:00.296194 C:/go_projects/first_api/configs/setup.go:33: MongoDB'ye başarıyla bağlanıldı.
2024/03/23 21:46:16.279113 C:/go_projects/first_api/app/todoHandler.go:60: the provided hex string is not a valid ObjectID
2024/03/23 22:00:49.440586 C:/go_projects/first_api/configs/setup.go:33: MongoDB'ye başarıyla bağlanıldı.
2024/03/23 22:01:24.792636 C:/go_projects/first_api/app/todoHandler.go:60: the provided hex string is not a valid ObjectID
2024/03/23 22:02:06.260582 C:/go_projects/first_api/configs/setup.go:33: MongoDB'ye başarıyla bağlanıldı.
2024/03/23 22:02:11.615114 C:/go_projects/first_api/app/todoHandler.go:60: the provided hex string is not a valid ObjectID
2024/03/23 22:02:45.673689 C:/go_projects/first_api/configs/setup.go:33: MongoDB'ye başarıyla bağlanıldı.
2024/03/23 22:02:52.003191 C:/go_projects/first_api/repository/todoRepositoryDb.go:113: No document with given title : abc
2024/03/23 22:02:52.003451 C:/go_projects/first_api/services/todoService.go:65: mongo: no documents in result
2024/03/23 22:02:52.003451 C:/go_projects/first_api/app/todoHandler.go:81: mongo: no documents in result
2024/03/23 22:03:13.047971 C:/go_projects/first_api/repository/todoRepositoryDb.go:113: No document with given title : proxmox
2024/03/23 22:03:13.048107 C:/go_projects/first_api/services/todoService.go:65: mongo: no documents in result
2024/03/23 22:03:13.048107 C:/go_projects/first_api/app/todoHandler.go:81: mongo: no documents in result
2024/03/23 22:51:07.285587 C:/go_projects/first_api/configs/setup.go:33: MongoDB'ye başarıyla bağlanıldı.
2024/03/23 22:52:34.494709 C:/go_projects/first_api/services/todoService.go:83: no todo found with given ID
2024/03/23 22:52:34.495007 C:/go_projects/first_api/app/todoHandler.go:103: no todo found with given ID
2024/03/23 22:52:53.475742 C:/go_projects/first_api/app/todoHandler.go:97: the provided hex string is not a valid ObjectID
2024/03/23 22:57:55.653169 C:/go_projects/first_api/configs/setup.go:33: MongoDB'ye başarıyla bağlanıldı.
2024/03/23 22:58:32.455516 C:/go_projects/first_api/services/todoService.go:85: title and content must not be empty
2024/03/23 22:58:32.455864 C:/go_projects/first_api/app/todoHandler.go:103: title and content must not be empty
2024/03/23 22:59:27.405142 C:/go_projects/first_api/configs/setup.go:33: MongoDB'ye başarıyla bağlanıldı.
2024/03/23 22:59:33.562275 C:/go_projects/first_api/services/todoService.go:85: title and content must not be empty
2024/03/23 22:59:33.562275 C:/go_projects/first_api/app/todoHandler.go:103: title and content must not be empty
2024/03/23 23:15:56.029177 C:/go_projects/first_api/configs/setup.go:33: MongoDB'ye başarıyla bağlanıldı.
